<?xml version="1.0" encoding="UTF-8"?>
<coverage generated="1615587394472" clover="3.2.0">
  <project timestamp="1615587394472" name="All files">
    <metrics statements="107" coveredstatements="92" conditionals="29" coveredconditionals="20" methods="29" coveredmethods="21" elements="165" coveredelements="133" complexity="0" loc="107" ncloc="107" packages="1" files="3" classes="3"/>
    <file name="Algorithm.ts" path="/home/brunopasseti/Desktop/Universidade/CG/ICG/assignment_0/src/Algorithm.ts">
      <metrics statements="17" coveredstatements="17" conditionals="4" coveredconditionals="4" methods="2" coveredmethods="2"/>
      <line num="2" count="18" type="stmt"/>
      <line num="3" count="18" type="stmt"/>
      <line num="4" count="18" type="stmt"/>
      <line num="5" count="90" type="cond" truecount="2" falsecount="0"/>
      <line num="6" count="65" type="stmt"/>
      <line num="7" count="65" type="stmt"/>
      <line num="8" count="65" type="stmt"/>
      <line num="9" count="65" type="stmt"/>
      <line num="12" count="18" type="stmt"/>
      <line num="13" count="18" type="stmt"/>
      <line num="14" count="18" type="stmt"/>
      <line num="15" count="18" type="stmt"/>
      <line num="19" count="38" type="cond" truecount="2" falsecount="0"/>
      <line num="20" count="18" type="stmt"/>
      <line num="21" count="18" type="stmt"/>
      <line num="22" count="18" type="stmt"/>
      <line num="24" count="38" type="stmt"/>
    </file>
    <file name="Matrix.ts" path="/home/brunopasseti/Desktop/Universidade/CG/ICG/assignment_0/src/Matrix.ts">
      <metrics statements="59" coveredstatements="44" conditionals="24" coveredconditionals="15" methods="16" coveredmethods="8"/>
      <line num="7" count="10" type="stmt"/>
      <line num="8" count="10" type="stmt"/>
      <line num="9" count="30" type="stmt"/>
      <line num="11" count="10" type="cond" truecount="2" falsecount="0"/>
      <line num="12" count="4" type="stmt"/>
      <line num="14" count="6" type="stmt"/>
      <line num="19" count="3" type="stmt"/>
      <line num="24" count="0" type="stmt"/>
      <line num="29" count="0" type="stmt"/>
      <line num="33" count="2" type="cond" truecount="2" falsecount="0"/>
      <line num="34" count="1" type="stmt"/>
      <line num="36" count="1" type="stmt"/>
      <line num="40" count="1" type="stmt"/>
      <line num="41" count="1" type="stmt"/>
      <line num="42" count="3" type="cond" truecount="3" falsecount="1"/>
      <line num="43" count="0" type="stmt"/>
      <line num="44" count="0" type="stmt"/>
      <line num="46" count="3" type="stmt"/>
      <line num="47" count="9" type="cond" truecount="3" falsecount="1"/>
      <line num="48" count="0" type="stmt"/>
      <line num="49" count="0" type="stmt"/>
      <line num="53" count="1" type="cond" truecount="2" falsecount="0"/>
      <line num="58" count="0" type="stmt"/>
      <line num="62" count="1" type="cond" truecount="1" falsecount="1"/>
      <line num="63" count="1" type="cond" truecount="1" falsecount="1"/>
      <line num="64" count="1" type="stmt"/>
      <line num="65" count="1" type="stmt"/>
      <line num="66" count="1" type="stmt"/>
      <line num="67" count="1" type="stmt"/>
      <line num="68" count="1" type="stmt"/>
      <line num="69" count="1" type="stmt"/>
      <line num="70" count="1" type="stmt"/>
      <line num="71" count="1" type="stmt"/>
      <line num="72" count="1" type="stmt"/>
      <line num="73" count="1" type="stmt"/>
      <line num="75" count="0" type="stmt"/>
      <line num="77" count="0" type="stmt"/>
      <line num="82" count="2" type="cond" truecount="1" falsecount="1"/>
      <line num="83" count="0" type="stmt"/>
      <line num="85" count="2" type="stmt"/>
      <line num="86" count="2" type="stmt"/>
      <line num="87" count="2" type="stmt"/>
      <line num="88" count="2" type="stmt"/>
      <line num="89" count="2" type="stmt"/>
      <line num="90" count="6" type="stmt"/>
      <line num="92" count="2" type="stmt"/>
      <line num="93" count="6" type="stmt"/>
      <line num="94" count="6" type="stmt"/>
      <line num="95" count="6" type="stmt"/>
      <line num="96" count="18" type="stmt"/>
      <line num="100" count="2" type="stmt"/>
      <line num="101" count="2" type="stmt"/>
      <line num="104" count="1" type="stmt"/>
      <line num="107" count="0" type="stmt"/>
      <line num="111" count="1" type="stmt"/>
      <line num="115" count="0" type="cond" truecount="0" falsecount="4"/>
      <line num="116" count="0" type="stmt"/>
      <line num="118" count="0" type="stmt"/>
      <line num="122" count="0" type="stmt"/>
    </file>
    <file name="Vector.ts" path="/home/brunopasseti/Desktop/Universidade/CG/ICG/assignment_0/src/Vector.ts">
      <metrics statements="31" coveredstatements="31" conditionals="1" coveredconditionals="1" methods="11" coveredmethods="11"/>
      <line num="6" count="25" type="stmt"/>
      <line num="7" count="25" type="stmt"/>
      <line num="8" count="25" type="stmt"/>
      <line num="12" count="1" type="stmt"/>
      <line num="13" count="1" type="stmt"/>
      <line num="14" count="1" type="stmt"/>
      <line num="15" count="1" type="stmt"/>
      <line num="19" count="1" type="stmt"/>
      <line num="20" count="1" type="stmt"/>
      <line num="21" count="1" type="stmt"/>
      <line num="22" count="1" type="stmt"/>
      <line num="26" count="1" type="stmt"/>
      <line num="27" count="1" type="stmt"/>
      <line num="31" count="1" type="stmt"/>
      <line num="32" count="1" type="stmt"/>
      <line num="33" count="1" type="stmt"/>
      <line num="34" count="1" type="stmt"/>
      <line num="35" count="1" type="stmt"/>
      <line num="36" count="1" type="stmt"/>
      <line num="40" count="2" type="stmt"/>
      <line num="41" count="2" type="stmt"/>
      <line num="45" count="1" type="stmt"/>
      <line num="46" count="1" type="stmt"/>
      <line num="47" count="1" type="stmt"/>
      <line num="51" count="5" type="stmt"/>
      <line num="52" count="5" type="stmt"/>
      <line num="55" count="5" type="stmt"/>
      <line num="56" count="5" type="stmt"/>
      <line num="59" count="1" type="stmt"/>
      <line num="60" count="1" type="stmt"/>
      <line num="64" count="3" type="stmt"/>
    </file>
  </project>
</coverage>
