<?xml version="1.0" encoding="UTF-8"?>
<coverage generated="1614982739520" clover="3.2.0">
  <project timestamp="1614982739520" name="All files">
    <metrics statements="48" coveredstatements="48" conditionals="5" coveredconditionals="5" methods="13" coveredmethods="13" elements="66" coveredelements="66" complexity="0" loc="48" ncloc="48" packages="1" files="2" classes="2"/>
    <file name="Algorithm.ts" path="/home/brunopasseti/ICG/assignment_0/src/Algorithm.ts">
      <metrics statements="17" coveredstatements="17" conditionals="4" coveredconditionals="4" methods="2" coveredmethods="2"/>
      <line num="2" count="18" type="stmt"/>
      <line num="3" count="18" type="stmt"/>
      <line num="4" count="18" type="stmt"/>
      <line num="5" count="90" type="cond" truecount="2" falsecount="0"/>
      <line num="6" count="65" type="stmt"/>
      <line num="7" count="65" type="stmt"/>
      <line num="8" count="65" type="stmt"/>
      <line num="9" count="65" type="stmt"/>
      <line num="12" count="18" type="stmt"/>
      <line num="13" count="18" type="stmt"/>
      <line num="14" count="18" type="stmt"/>
      <line num="15" count="18" type="stmt"/>
      <line num="19" count="38" type="cond" truecount="2" falsecount="0"/>
      <line num="20" count="18" type="stmt"/>
      <line num="21" count="18" type="stmt"/>
      <line num="22" count="18" type="stmt"/>
      <line num="24" count="38" type="stmt"/>
    </file>
    <file name="Vector.ts" path="/home/brunopasseti/ICG/assignment_0/src/Vector.ts">
      <metrics statements="31" coveredstatements="31" conditionals="1" coveredconditionals="1" methods="11" coveredmethods="11"/>
      <line num="6" count="23" type="stmt"/>
      <line num="7" count="23" type="stmt"/>
      <line num="8" count="23" type="stmt"/>
      <line num="12" count="1" type="stmt"/>
      <line num="13" count="1" type="stmt"/>
      <line num="14" count="1" type="stmt"/>
      <line num="15" count="1" type="stmt"/>
      <line num="19" count="1" type="stmt"/>
      <line num="20" count="1" type="stmt"/>
      <line num="21" count="1" type="stmt"/>
      <line num="22" count="1" type="stmt"/>
      <line num="26" count="1" type="stmt"/>
      <line num="27" count="1" type="stmt"/>
      <line num="31" count="1" type="stmt"/>
      <line num="32" count="1" type="stmt"/>
      <line num="33" count="1" type="stmt"/>
      <line num="34" count="1" type="stmt"/>
      <line num="35" count="1" type="stmt"/>
      <line num="36" count="1" type="stmt"/>
      <line num="40" count="2" type="stmt"/>
      <line num="41" count="2" type="stmt"/>
      <line num="45" count="1" type="stmt"/>
      <line num="46" count="1" type="stmt"/>
      <line num="47" count="1" type="stmt"/>
      <line num="51" count="5" type="stmt"/>
      <line num="52" count="5" type="stmt"/>
      <line num="55" count="5" type="stmt"/>
      <line num="56" count="5" type="stmt"/>
      <line num="59" count="1" type="stmt"/>
      <line num="60" count="1" type="stmt"/>
      <line num="64" count="1" type="stmt"/>
    </file>
  </project>
</coverage>
