{"/home/brunopasseti/ICG/assignment_0/src/Algorithm.ts": {"path":"/home/brunopasseti/ICG/assignment_0/src/Algorithm.ts","statementMap":{"0":{"start":{"line":2,"column":18},"end":{"line":2,"column":25}},"1":{"start":{"line":3,"column":12},"end":{"line":3,"column":14}},"2":{"start":{"line":4,"column":4},"end":{"line":11,"column":5}},"3":{"start":{"line":4,"column":17},"end":{"line":4,"column":19}},"4":{"start":{"line":5,"column":8},"end":{"line":10,"column":9}},"5":{"start":{"line":6,"column":25},"end":{"line":6,"column":31}},"6":{"start":{"line":7,"column":12},"end":{"line":7,"column":28}},"7":{"start":{"line":8,"column":12},"end":{"line":8,"column":26}},"8":{"start":{"line":9,"column":12},"end":{"line":9,"column":22}},"9":{"start":{"line":12,"column":17},"end":{"line":12,"column":23}},"10":{"start":{"line":13,"column":4},"end":{"line":13,"column":21}},"11":{"start":{"line":14,"column":4},"end":{"line":14,"column":19}},"12":{"start":{"line":15,"column":4},"end":{"line":15,"column":13}},"13":{"start":{"line":19,"column":8},"end":{"line":23,"column":9}},"14":{"start":{"line":20,"column":30},"end":{"line":20,"column":52}},"15":{"start":{"line":21,"column":12},"end":{"line":21,"column":38}},"16":{"start":{"line":22,"column":12},"end":{"line":22,"column":38}},"17":{"start":{"line":24,"column":8},"end":{"line":24,"column":19}}},"fnMap":{"0":{"name":"partition","decl":{"start":{"line":1,"column":16},"end":{"line":1,"column":25}},"loc":{"start":{"line":1,"column":77},"end":{"line":16,"column":1}},"line":1},"1":{"name":"quicksort","decl":{"start":{"line":18,"column":16},"end":{"line":18,"column":25}},"loc":{"start":{"line":18,"column":85},"end":{"line":25,"column":1}},"line":18}},"branchMap":{"0":{"loc":{"start":{"line":5,"column":8},"end":{"line":10,"column":9}},"type":"if","locations":[{"start":{"line":5,"column":8},"end":{"line":10,"column":9}},{"start":{"line":5,"column":8},"end":{"line":10,"column":9}}],"line":5},"1":{"loc":{"start":{"line":19,"column":8},"end":{"line":23,"column":9}},"type":"if","locations":[{"start":{"line":19,"column":8},"end":{"line":23,"column":9}},{"start":{"line":19,"column":8},"end":{"line":23,"column":9}}],"line":19}},"s":{"0":18,"1":18,"2":18,"3":18,"4":90,"5":65,"6":65,"7":65,"8":65,"9":18,"10":18,"11":18,"12":18,"13":38,"14":18,"15":18,"16":18,"17":38},"f":{"0":18,"1":38},"b":{"0":[65,25],"1":[18,20]},"_coverageSchema":"1a1c01bbd47fc00a2c39e90264f33305004495a9","hash":"3610a731868b33f6662062b1f47ef8d2835e630a"}
,"/home/brunopasseti/ICG/assignment_0/src/Vector.ts": {"path":"/home/brunopasseti/ICG/assignment_0/src/Vector.ts","statementMap":{"0":{"start":{"line":6,"column":8},"end":{"line":6,"column":19}},"1":{"start":{"line":7,"column":8},"end":{"line":7,"column":19}},"2":{"start":{"line":8,"column":8},"end":{"line":8,"column":19}},"3":{"start":{"line":12,"column":8},"end":{"line":12,"column":22}},"4":{"start":{"line":13,"column":8},"end":{"line":13,"column":22}},"5":{"start":{"line":14,"column":8},"end":{"line":14,"column":22}},"6":{"start":{"line":15,"column":8},"end":{"line":15,"column":20}},"7":{"start":{"line":19,"column":8},"end":{"line":19,"column":22}},"8":{"start":{"line":20,"column":8},"end":{"line":20,"column":22}},"9":{"start":{"line":21,"column":8},"end":{"line":21,"column":22}},"10":{"start":{"line":22,"column":8},"end":{"line":22,"column":20}},"11":{"start":{"line":26,"column":29},"end":{"line":26,"column":75}},"12":{"start":{"line":27,"column":8},"end":{"line":27,"column":28}},"13":{"start":{"line":31,"column":18},"end":{"line":31,"column":22}},"14":{"start":{"line":32,"column":19},"end":{"line":32,"column":36}},"15":{"start":{"line":33,"column":19},"end":{"line":33,"column":36}},"16":{"start":{"line":34,"column":19},"end":{"line":34,"column":36}},"17":{"start":{"line":35,"column":22},"end":{"line":35,"column":44}},"18":{"start":{"line":36,"column":8},"end":{"line":36,"column":21}},"19":{"start":{"line":40,"column":20},"end":{"line":40,"column":56}},"20":{"start":{"line":41,"column":8},"end":{"line":41,"column":19}},"21":{"start":{"line":45,"column":21},"end":{"line":45,"column":29}},"22":{"start":{"line":46,"column":21},"end":{"line":46,"column":26}},"23":{"start":{"line":47,"column":8},"end":{"line":47,"column":50}},"24":{"start":{"line":51,"column":20},"end":{"line":51,"column":42}},"25":{"start":{"line":52,"column":8},"end":{"line":52,"column":19}},"26":{"start":{"line":55,"column":21},"end":{"line":55,"column":66}},"27":{"start":{"line":56,"column":8},"end":{"line":56,"column":19}},"28":{"start":{"line":59,"column":29},"end":{"line":59,"column":90}},"29":{"start":{"line":60,"column":8},"end":{"line":60,"column":20}},"30":{"start":{"line":64,"column":8},"end":{"line":68,"column":10}}},"fnMap":{"0":{"name":"(anonymous_0)","decl":{"start":{"line":5,"column":4},"end":{"line":5,"column":5}},"loc":{"start":{"line":5,"column":44},"end":{"line":9,"column":5}},"line":5},"1":{"name":"(anonymous_1)","decl":{"start":{"line":11,"column":4},"end":{"line":11,"column":5}},"loc":{"start":{"line":11,"column":33},"end":{"line":16,"column":5}},"line":11},"2":{"name":"(anonymous_2)","decl":{"start":{"line":18,"column":4},"end":{"line":18,"column":5}},"loc":{"start":{"line":18,"column":33},"end":{"line":23,"column":5}},"line":18},"3":{"name":"(anonymous_3)","decl":{"start":{"line":25,"column":4},"end":{"line":25,"column":5}},"loc":{"start":{"line":25,"column":42},"end":{"line":28,"column":5}},"line":25},"4":{"name":"(anonymous_4)","decl":{"start":{"line":30,"column":4},"end":{"line":30,"column":5}},"loc":{"start":{"line":30,"column":36},"end":{"line":37,"column":5}},"line":30},"5":{"name":"(anonymous_5)","decl":{"start":{"line":39,"column":4},"end":{"line":39,"column":5}},"loc":{"start":{"line":39,"column":34},"end":{"line":42,"column":5}},"line":39},"6":{"name":"(anonymous_6)","decl":{"start":{"line":44,"column":4},"end":{"line":44,"column":5}},"loc":{"start":{"line":44,"column":35},"end":{"line":48,"column":5}},"line":44},"7":{"name":"(anonymous_7)","decl":{"start":{"line":50,"column":4},"end":{"line":50,"column":5}},"loc":{"start":{"line":50,"column":29},"end":{"line":53,"column":5}},"line":50},"8":{"name":"(anonymous_8)","decl":{"start":{"line":54,"column":4},"end":{"line":54,"column":5}},"loc":{"start":{"line":54,"column":32},"end":{"line":57,"column":5}},"line":54},"9":{"name":"(anonymous_9)","decl":{"start":{"line":58,"column":4},"end":{"line":58,"column":5}},"loc":{"start":{"line":58,"column":30},"end":{"line":61,"column":5}},"line":58},"10":{"name":"(anonymous_10)","decl":{"start":{"line":63,"column":4},"end":{"line":63,"column":5}},"loc":{"start":{"line":63,"column":41},"end":{"line":69,"column":5}},"line":63}},"branchMap":{"0":{"loc":{"start":{"line":5,"column":38},"end":{"line":5,"column":43}},"type":"default-arg","locations":[{"start":{"line":5,"column":42},"end":{"line":5,"column":43}}],"line":5}},"s":{"0":23,"1":23,"2":23,"3":1,"4":1,"5":1,"6":1,"7":1,"8":1,"9":1,"10":1,"11":1,"12":1,"13":1,"14":1,"15":1,"16":1,"17":1,"18":1,"19":2,"20":2,"21":1,"22":1,"23":1,"24":5,"25":5,"26":5,"27":5,"28":1,"29":1,"30":1},"f":{"0":23,"1":1,"2":1,"3":1,"4":1,"5":2,"6":1,"7":5,"8":5,"9":1,"10":1},"b":{"0":[1]},"_coverageSchema":"1a1c01bbd47fc00a2c39e90264f33305004495a9","hash":"539f4b1918a711af2210c8aeaa26d036776eb364"}
}
