{"/home/brunopasseti/Desktop/Universidade/CG/ICG/assignment_0/src/Algorithm.ts": {"path":"/home/brunopasseti/Desktop/Universidade/CG/ICG/assignment_0/src/Algorithm.ts","statementMap":{"0":{"start":{"line":2,"column":18},"end":{"line":2,"column":25}},"1":{"start":{"line":3,"column":12},"end":{"line":3,"column":14}},"2":{"start":{"line":4,"column":4},"end":{"line":11,"column":5}},"3":{"start":{"line":4,"column":17},"end":{"line":4,"column":19}},"4":{"start":{"line":5,"column":8},"end":{"line":10,"column":9}},"5":{"start":{"line":6,"column":25},"end":{"line":6,"column":31}},"6":{"start":{"line":7,"column":12},"end":{"line":7,"column":28}},"7":{"start":{"line":8,"column":12},"end":{"line":8,"column":26}},"8":{"start":{"line":9,"column":12},"end":{"line":9,"column":22}},"9":{"start":{"line":12,"column":17},"end":{"line":12,"column":23}},"10":{"start":{"line":13,"column":4},"end":{"line":13,"column":21}},"11":{"start":{"line":14,"column":4},"end":{"line":14,"column":19}},"12":{"start":{"line":15,"column":4},"end":{"line":15,"column":13}},"13":{"start":{"line":19,"column":8},"end":{"line":23,"column":9}},"14":{"start":{"line":20,"column":30},"end":{"line":20,"column":52}},"15":{"start":{"line":21,"column":12},"end":{"line":21,"column":38}},"16":{"start":{"line":22,"column":12},"end":{"line":22,"column":38}},"17":{"start":{"line":24,"column":8},"end":{"line":24,"column":19}}},"fnMap":{"0":{"name":"partition","decl":{"start":{"line":1,"column":16},"end":{"line":1,"column":25}},"loc":{"start":{"line":1,"column":77},"end":{"line":16,"column":1}},"line":1},"1":{"name":"quicksort","decl":{"start":{"line":18,"column":16},"end":{"line":18,"column":25}},"loc":{"start":{"line":18,"column":85},"end":{"line":25,"column":1}},"line":18}},"branchMap":{"0":{"loc":{"start":{"line":5,"column":8},"end":{"line":10,"column":9}},"type":"if","locations":[{"start":{"line":5,"column":8},"end":{"line":10,"column":9}},{"start":{"line":5,"column":8},"end":{"line":10,"column":9}}],"line":5},"1":{"loc":{"start":{"line":19,"column":8},"end":{"line":23,"column":9}},"type":"if","locations":[{"start":{"line":19,"column":8},"end":{"line":23,"column":9}},{"start":{"line":19,"column":8},"end":{"line":23,"column":9}}],"line":19}},"s":{"0":18,"1":18,"2":18,"3":18,"4":90,"5":65,"6":65,"7":65,"8":65,"9":18,"10":18,"11":18,"12":18,"13":38,"14":18,"15":18,"16":18,"17":38},"f":{"0":18,"1":38},"b":{"0":[65,25],"1":[18,20]},"_coverageSchema":"1a1c01bbd47fc00a2c39e90264f33305004495a9","hash":"94ecc9e73c81c31b6aa3a9aa867ffcea3324d2b1"}
,"/home/brunopasseti/Desktop/Universidade/CG/ICG/assignment_0/src/Matrix.ts": {"path":"/home/brunopasseti/Desktop/Universidade/CG/ICG/assignment_0/src/Matrix.ts","statementMap":{"0":{"start":{"line":7,"column":8},"end":{"line":7,"column":24}},"1":{"start":{"line":8,"column":8},"end":{"line":10,"column":9}},"2":{"start":{"line":9,"column":12},"end":{"line":9,"column":33}},"3":{"start":{"line":11,"column":8},"end":{"line":15,"column":9}},"4":{"start":{"line":12,"column":12},"end":{"line":12,"column":35}},"5":{"start":{"line":14,"column":12},"end":{"line":14,"column":36}},"6":{"start":{"line":19,"column":8},"end":{"line":19,"column":31}},"7":{"start":{"line":24,"column":8},"end":{"line":24,"column":31}},"8":{"start":{"line":29,"column":8},"end":{"line":29,"column":31}},"9":{"start":{"line":33,"column":8},"end":{"line":34,"column":37}},"10":{"start":{"line":34,"column":12},"end":{"line":34,"column":37}},"11":{"start":{"line":36,"column":8},"end":{"line":36,"column":56}},"12":{"start":{"line":40,"column":25},"end":{"line":40,"column":29}},"13":{"start":{"line":41,"column":8},"end":{"line":52,"column":9}},"14":{"start":{"line":41,"column":20},"end":{"line":41,"column":21}},"15":{"start":{"line":42,"column":12},"end":{"line":45,"column":13}},"16":{"start":{"line":43,"column":16},"end":{"line":43,"column":35}},"17":{"start":{"line":44,"column":16},"end":{"line":44,"column":22}},"18":{"start":{"line":46,"column":12},"end":{"line":51,"column":13}},"19":{"start":{"line":46,"column":24},"end":{"line":46,"column":25}},"20":{"start":{"line":47,"column":16},"end":{"line":50,"column":17}},"21":{"start":{"line":48,"column":20},"end":{"line":48,"column":39}},"22":{"start":{"line":49,"column":20},"end":{"line":49,"column":26}},"23":{"start":{"line":53,"column":8},"end":{"line":53,"column":45}},"24":{"start":{"line":58,"column":8},"end":{"line":58,"column":81}},"25":{"start":{"line":58,"column":53},"end":{"line":58,"column":78}},"26":{"start":{"line":58,"column":73},"end":{"line":58,"column":77}},"27":{"start":{"line":62,"column":8},"end":{"line":76,"column":9}},"28":{"start":{"line":63,"column":12},"end":{"line":74,"column":13}},"29":{"start":{"line":64,"column":26},"end":{"line":64,"column":42}},"30":{"start":{"line":65,"column":26},"end":{"line":65,"column":42}},"31":{"start":{"line":66,"column":26},"end":{"line":66,"column":42}},"32":{"start":{"line":67,"column":26},"end":{"line":67,"column":42}},"33":{"start":{"line":68,"column":26},"end":{"line":68,"column":42}},"34":{"start":{"line":69,"column":26},"end":{"line":69,"column":42}},"35":{"start":{"line":70,"column":26},"end":{"line":70,"column":42}},"36":{"start":{"line":71,"column":26},"end":{"line":71,"column":42}},"37":{"start":{"line":72,"column":26},"end":{"line":72,"column":42}},"38":{"start":{"line":73,"column":16},"end":{"line":73,"column":69}},"39":{"start":{"line":75,"column":12},"end":{"line":75,"column":80}},"40":{"start":{"line":77,"column":8},"end":{"line":77,"column":49}},"41":{"start":{"line":82,"column":8},"end":{"line":84,"column":9}},"42":{"start":{"line":83,"column":12},"end":{"line":83,"column":43}},"43":{"start":{"line":85,"column":16},"end":{"line":85,"column":24}},"44":{"start":{"line":86,"column":16},"end":{"line":86,"column":27}},"45":{"start":{"line":87,"column":16},"end":{"line":87,"column":27}},"46":{"start":{"line":88,"column":16},"end":{"line":88,"column":39}},"47":{"start":{"line":89,"column":8},"end":{"line":91,"column":9}},"48":{"start":{"line":89,"column":20},"end":{"line":89,"column":21}},"49":{"start":{"line":90,"column":12},"end":{"line":90,"column":36}},"50":{"start":{"line":92,"column":8},"end":{"line":99,"column":9}},"51":{"start":{"line":92,"column":20},"end":{"line":92,"column":21}},"52":{"start":{"line":93,"column":12},"end":{"line":98,"column":13}},"53":{"start":{"line":93,"column":24},"end":{"line":93,"column":25}},"54":{"start":{"line":94,"column":16},"end":{"line":94,"column":28}},"55":{"start":{"line":95,"column":16},"end":{"line":97,"column":17}},"56":{"start":{"line":95,"column":28},"end":{"line":95,"column":29}},"57":{"start":{"line":96,"column":20},"end":{"line":96,"column":47}},"58":{"start":{"line":100,"column":21},"end":{"line":100,"column":34}},"59":{"start":{"line":101,"column":8},"end":{"line":101,"column":22}},"60":{"start":{"line":104,"column":8},"end":{"line":104,"column":56}},"61":{"start":{"line":107,"column":8},"end":{"line":107,"column":59}},"62":{"start":{"line":111,"column":8},"end":{"line":111,"column":59}},"63":{"start":{"line":115,"column":8},"end":{"line":117,"column":9}},"64":{"start":{"line":116,"column":12},"end":{"line":116,"column":26}},"65":{"start":{"line":118,"column":8},"end":{"line":118,"column":80}},"66":{"start":{"line":122,"column":8},"end":{"line":122,"column":34}}},"fnMap":{"0":{"name":"(anonymous_0)","decl":{"start":{"line":6,"column":4},"end":{"line":6,"column":5}},"loc":{"start":{"line":6,"column":45},"end":{"line":16,"column":5}},"line":6},"1":{"name":"(anonymous_1)","decl":{"start":{"line":18,"column":4},"end":{"line":18,"column":5}},"loc":{"start":{"line":18,"column":36},"end":{"line":20,"column":5}},"line":18},"2":{"name":"(anonymous_2)","decl":{"start":{"line":23,"column":4},"end":{"line":23,"column":5}},"loc":{"start":{"line":23,"column":40},"end":{"line":25,"column":5}},"line":23},"3":{"name":"(anonymous_3)","decl":{"start":{"line":28,"column":4},"end":{"line":28,"column":5}},"loc":{"start":{"line":28,"column":40},"end":{"line":30,"column":5}},"line":28},"4":{"name":"(anonymous_4)","decl":{"start":{"line":32,"column":4},"end":{"line":32,"column":5}},"loc":{"start":{"line":32,"column":46},"end":{"line":37,"column":5}},"line":32},"5":{"name":"(anonymous_5)","decl":{"start":{"line":39,"column":4},"end":{"line":39,"column":5}},"loc":{"start":{"line":39,"column":37},"end":{"line":54,"column":5}},"line":39},"6":{"name":"(anonymous_6)","decl":{"start":{"line":57,"column":4},"end":{"line":57,"column":5}},"loc":{"start":{"line":57,"column":26},"end":{"line":59,"column":5}},"line":57},"7":{"name":"(anonymous_7)","decl":{"start":{"line":58,"column":44},"end":{"line":58,"column":45}},"loc":{"start":{"line":58,"column":53},"end":{"line":58,"column":78}},"line":58},"8":{"name":"(anonymous_8)","decl":{"start":{"line":58,"column":68},"end":{"line":58,"column":69}},"loc":{"start":{"line":58,"column":73},"end":{"line":58,"column":77}},"line":58},"9":{"name":"(anonymous_9)","decl":{"start":{"line":61,"column":4},"end":{"line":61,"column":5}},"loc":{"start":{"line":61,"column":36},"end":{"line":78,"column":5}},"line":61},"10":{"name":"(anonymous_10)","decl":{"start":{"line":81,"column":4},"end":{"line":81,"column":5}},"loc":{"start":{"line":81,"column":84},"end":{"line":102,"column":5}},"line":81},"11":{"name":"(anonymous_11)","decl":{"start":{"line":103,"column":4},"end":{"line":103,"column":5}},"loc":{"start":{"line":103,"column":39},"end":{"line":105,"column":5}},"line":103},"12":{"name":"(anonymous_12)","decl":{"start":{"line":106,"column":4},"end":{"line":106,"column":5}},"loc":{"start":{"line":106,"column":42},"end":{"line":108,"column":5}},"line":106},"13":{"name":"(anonymous_13)","decl":{"start":{"line":110,"column":4},"end":{"line":110,"column":5}},"loc":{"start":{"line":110,"column":42},"end":{"line":112,"column":5}},"line":110},"14":{"name":"(anonymous_14)","decl":{"start":{"line":114,"column":4},"end":{"line":114,"column":5}},"loc":{"start":{"line":114,"column":26},"end":{"line":119,"column":5}},"line":114},"15":{"name":"(anonymous_15)","decl":{"start":{"line":121,"column":4},"end":{"line":121,"column":5}},"loc":{"start":{"line":121,"column":32},"end":{"line":123,"column":5}},"line":121}},"branchMap":{"0":{"loc":{"start":{"line":11,"column":8},"end":{"line":15,"column":9}},"type":"if","locations":[{"start":{"line":11,"column":8},"end":{"line":15,"column":9}},{"start":{"line":11,"column":8},"end":{"line":15,"column":9}}],"line":11},"1":{"loc":{"start":{"line":33,"column":8},"end":{"line":34,"column":37}},"type":"if","locations":[{"start":{"line":33,"column":8},"end":{"line":34,"column":37}},{"start":{"line":33,"column":8},"end":{"line":34,"column":37}}],"line":33},"2":{"loc":{"start":{"line":42,"column":12},"end":{"line":45,"column":13}},"type":"if","locations":[{"start":{"line":42,"column":12},"end":{"line":45,"column":13}},{"start":{"line":42,"column":12},"end":{"line":45,"column":13}}],"line":42},"3":{"loc":{"start":{"line":42,"column":15},"end":{"line":42,"column":48}},"type":"binary-expr","locations":[{"start":{"line":42,"column":15},"end":{"line":42,"column":22}},{"start":{"line":42,"column":26},"end":{"line":42,"column":48}}],"line":42},"4":{"loc":{"start":{"line":47,"column":16},"end":{"line":50,"column":17}},"type":"if","locations":[{"start":{"line":47,"column":16},"end":{"line":50,"column":17}},{"start":{"line":47,"column":16},"end":{"line":50,"column":17}}],"line":47},"5":{"loc":{"start":{"line":47,"column":19},"end":{"line":47,"column":52}},"type":"binary-expr","locations":[{"start":{"line":47,"column":19},"end":{"line":47,"column":26}},{"start":{"line":47,"column":30},"end":{"line":47,"column":52}}],"line":47},"6":{"loc":{"start":{"line":53,"column":15},"end":{"line":53,"column":44}},"type":"binary-expr","locations":[{"start":{"line":53,"column":15},"end":{"line":53,"column":30}},{"start":{"line":53,"column":34},"end":{"line":53,"column":44}}],"line":53},"7":{"loc":{"start":{"line":62,"column":8},"end":{"line":76,"column":9}},"type":"if","locations":[{"start":{"line":62,"column":8},"end":{"line":76,"column":9}},{"start":{"line":62,"column":8},"end":{"line":76,"column":9}}],"line":62},"8":{"loc":{"start":{"line":63,"column":12},"end":{"line":74,"column":13}},"type":"if","locations":[{"start":{"line":63,"column":12},"end":{"line":74,"column":13}},{"start":{"line":63,"column":12},"end":{"line":74,"column":13}}],"line":63},"9":{"loc":{"start":{"line":82,"column":8},"end":{"line":84,"column":9}},"type":"if","locations":[{"start":{"line":82,"column":8},"end":{"line":84,"column":9}},{"start":{"line":82,"column":8},"end":{"line":84,"column":9}}],"line":82},"10":{"loc":{"start":{"line":115,"column":8},"end":{"line":117,"column":9}},"type":"if","locations":[{"start":{"line":115,"column":8},"end":{"line":117,"column":9}},{"start":{"line":115,"column":8},"end":{"line":117,"column":9}}],"line":115},"11":{"loc":{"start":{"line":115,"column":11},"end":{"line":115,"column":68}},"type":"binary-expr","locations":[{"start":{"line":115,"column":12},"end":{"line":115,"column":35}},{"start":{"line":115,"column":41},"end":{"line":115,"column":67}}],"line":115}},"s":{"0":10,"1":10,"2":30,"3":10,"4":4,"5":6,"6":3,"7":0,"8":0,"9":2,"10":1,"11":1,"12":1,"13":1,"14":1,"15":3,"16":0,"17":0,"18":3,"19":3,"20":9,"21":0,"22":0,"23":1,"24":0,"25":0,"26":0,"27":1,"28":1,"29":1,"30":1,"31":1,"32":1,"33":1,"34":1,"35":1,"36":1,"37":1,"38":1,"39":0,"40":0,"41":2,"42":0,"43":2,"44":2,"45":2,"46":2,"47":2,"48":2,"49":6,"50":2,"51":2,"52":6,"53":6,"54":6,"55":6,"56":6,"57":18,"58":2,"59":2,"60":1,"61":0,"62":1,"63":0,"64":0,"65":0,"66":0},"f":{"0":10,"1":3,"2":0,"3":0,"4":2,"5":1,"6":0,"7":0,"8":0,"9":1,"10":2,"11":1,"12":0,"13":1,"14":0,"15":0},"b":{"0":[4,6],"1":[1,1],"2":[0,3],"3":[3,3],"4":[0,9],"5":[9,6],"6":[1,1],"7":[1,0],"8":[1,0],"9":[0,2],"10":[0,0],"11":[0,0]},"_coverageSchema":"1a1c01bbd47fc00a2c39e90264f33305004495a9","hash":"75c6c413e655b53cc58b87d5aef250bb3d90c6b0"}
,"/home/brunopasseti/Desktop/Universidade/CG/ICG/assignment_0/src/Vector.ts": {"path":"/home/brunopasseti/Desktop/Universidade/CG/ICG/assignment_0/src/Vector.ts","statementMap":{"0":{"start":{"line":6,"column":8},"end":{"line":6,"column":19}},"1":{"start":{"line":7,"column":8},"end":{"line":7,"column":19}},"2":{"start":{"line":8,"column":8},"end":{"line":8,"column":19}},"3":{"start":{"line":12,"column":8},"end":{"line":12,"column":22}},"4":{"start":{"line":13,"column":8},"end":{"line":13,"column":22}},"5":{"start":{"line":14,"column":8},"end":{"line":14,"column":22}},"6":{"start":{"line":15,"column":8},"end":{"line":15,"column":20}},"7":{"start":{"line":19,"column":8},"end":{"line":19,"column":22}},"8":{"start":{"line":20,"column":8},"end":{"line":20,"column":22}},"9":{"start":{"line":21,"column":8},"end":{"line":21,"column":22}},"10":{"start":{"line":22,"column":8},"end":{"line":22,"column":20}},"11":{"start":{"line":26,"column":29},"end":{"line":26,"column":75}},"12":{"start":{"line":27,"column":8},"end":{"line":27,"column":28}},"13":{"start":{"line":31,"column":18},"end":{"line":31,"column":22}},"14":{"start":{"line":32,"column":19},"end":{"line":32,"column":36}},"15":{"start":{"line":33,"column":19},"end":{"line":33,"column":36}},"16":{"start":{"line":34,"column":19},"end":{"line":34,"column":36}},"17":{"start":{"line":35,"column":22},"end":{"line":35,"column":44}},"18":{"start":{"line":36,"column":8},"end":{"line":36,"column":21}},"19":{"start":{"line":40,"column":20},"end":{"line":40,"column":56}},"20":{"start":{"line":41,"column":8},"end":{"line":41,"column":19}},"21":{"start":{"line":45,"column":21},"end":{"line":45,"column":29}},"22":{"start":{"line":46,"column":21},"end":{"line":46,"column":26}},"23":{"start":{"line":47,"column":8},"end":{"line":47,"column":50}},"24":{"start":{"line":51,"column":20},"end":{"line":51,"column":42}},"25":{"start":{"line":52,"column":8},"end":{"line":52,"column":19}},"26":{"start":{"line":55,"column":21},"end":{"line":55,"column":66}},"27":{"start":{"line":56,"column":8},"end":{"line":56,"column":19}},"28":{"start":{"line":59,"column":29},"end":{"line":59,"column":90}},"29":{"start":{"line":60,"column":8},"end":{"line":60,"column":20}},"30":{"start":{"line":64,"column":8},"end":{"line":68,"column":10}}},"fnMap":{"0":{"name":"(anonymous_0)","decl":{"start":{"line":5,"column":4},"end":{"line":5,"column":5}},"loc":{"start":{"line":5,"column":44},"end":{"line":9,"column":5}},"line":5},"1":{"name":"(anonymous_1)","decl":{"start":{"line":11,"column":4},"end":{"line":11,"column":5}},"loc":{"start":{"line":11,"column":33},"end":{"line":16,"column":5}},"line":11},"2":{"name":"(anonymous_2)","decl":{"start":{"line":18,"column":4},"end":{"line":18,"column":5}},"loc":{"start":{"line":18,"column":33},"end":{"line":23,"column":5}},"line":18},"3":{"name":"(anonymous_3)","decl":{"start":{"line":25,"column":4},"end":{"line":25,"column":5}},"loc":{"start":{"line":25,"column":42},"end":{"line":28,"column":5}},"line":25},"4":{"name":"(anonymous_4)","decl":{"start":{"line":30,"column":4},"end":{"line":30,"column":5}},"loc":{"start":{"line":30,"column":36},"end":{"line":37,"column":5}},"line":30},"5":{"name":"(anonymous_5)","decl":{"start":{"line":39,"column":4},"end":{"line":39,"column":5}},"loc":{"start":{"line":39,"column":34},"end":{"line":42,"column":5}},"line":39},"6":{"name":"(anonymous_6)","decl":{"start":{"line":44,"column":4},"end":{"line":44,"column":5}},"loc":{"start":{"line":44,"column":35},"end":{"line":48,"column":5}},"line":44},"7":{"name":"(anonymous_7)","decl":{"start":{"line":50,"column":4},"end":{"line":50,"column":5}},"loc":{"start":{"line":50,"column":29},"end":{"line":53,"column":5}},"line":50},"8":{"name":"(anonymous_8)","decl":{"start":{"line":54,"column":4},"end":{"line":54,"column":5}},"loc":{"start":{"line":54,"column":32},"end":{"line":57,"column":5}},"line":54},"9":{"name":"(anonymous_9)","decl":{"start":{"line":58,"column":4},"end":{"line":58,"column":5}},"loc":{"start":{"line":58,"column":30},"end":{"line":61,"column":5}},"line":58},"10":{"name":"(anonymous_10)","decl":{"start":{"line":63,"column":4},"end":{"line":63,"column":5}},"loc":{"start":{"line":63,"column":41},"end":{"line":69,"column":5}},"line":63}},"branchMap":{"0":{"loc":{"start":{"line":5,"column":38},"end":{"line":5,"column":43}},"type":"default-arg","locations":[{"start":{"line":5,"column":42},"end":{"line":5,"column":43}}],"line":5}},"s":{"0":25,"1":25,"2":25,"3":1,"4":1,"5":1,"6":1,"7":1,"8":1,"9":1,"10":1,"11":1,"12":1,"13":1,"14":1,"15":1,"16":1,"17":1,"18":1,"19":2,"20":2,"21":1,"22":1,"23":1,"24":5,"25":5,"26":5,"27":5,"28":1,"29":1,"30":3},"f":{"0":25,"1":1,"2":1,"3":1,"4":1,"5":2,"6":1,"7":5,"8":5,"9":1,"10":3},"b":{"0":[1]},"_coverageSchema":"1a1c01bbd47fc00a2c39e90264f33305004495a9","hash":"89d8840ce40737d2ebb7dd523e051f5f5797899c"}
}
