TN:
SF:src/Algorithm.ts
FN:1,partition
FN:18,quicksort
FNF:2
FNH:2
FNDA:18,partition
FNDA:38,quicksort
DA:2,18
DA:3,18
DA:4,18
DA:5,90
DA:6,65
DA:7,65
DA:8,65
DA:9,65
DA:12,18
DA:13,18
DA:14,18
DA:15,18
DA:19,38
DA:20,18
DA:21,18
DA:22,18
DA:24,38
LF:17
LH:17
BRDA:5,0,0,65
BRDA:5,0,1,25
BRDA:19,1,0,18
BRDA:19,1,1,20
BRF:4
BRH:4
end_of_record
TN:
SF:src/Vector.ts
FN:5,(anonymous_0)
FN:11,(anonymous_1)
FN:18,(anonymous_2)
FN:25,(anonymous_3)
FN:30,(anonymous_4)
FN:39,(anonymous_5)
FN:44,(anonymous_6)
FN:50,(anonymous_7)
FN:54,(anonymous_8)
FN:58,(anonymous_9)
FN:63,(anonymous_10)
FNF:11
FNH:11
FNDA:23,(anonymous_0)
FNDA:1,(anonymous_1)
FNDA:1,(anonymous_2)
FNDA:1,(anonymous_3)
FNDA:1,(anonymous_4)
FNDA:2,(anonymous_5)
FNDA:1,(anonymous_6)
FNDA:5,(anonymous_7)
FNDA:5,(anonymous_8)
FNDA:1,(anonymous_9)
FNDA:1,(anonymous_10)
DA:6,23
DA:7,23
DA:8,23
DA:12,1
DA:13,1
DA:14,1
DA:15,1
DA:19,1
DA:20,1
DA:21,1
DA:22,1
DA:26,1
DA:27,1
DA:31,1
DA:32,1
DA:33,1
DA:34,1
DA:35,1
DA:36,1
DA:40,2
DA:41,2
DA:45,1
DA:46,1
DA:47,1
DA:51,5
DA:52,5
DA:55,5
DA:56,5
DA:59,1
DA:60,1
DA:64,1
LF:31
LH:31
BRDA:5,0,0,1
BRF:1
BRH:1
end_of_record
