TN:
SF:src/Algorithm.ts
FN:1,partition
FN:18,quicksort
FNF:2
FNH:2
FNDA:18,partition
FNDA:38,quicksort
DA:2,18
DA:3,18
DA:4,18
DA:5,90
DA:6,65
DA:7,65
DA:8,65
DA:9,65
DA:12,18
DA:13,18
DA:14,18
DA:15,18
DA:19,38
DA:20,18
DA:21,18
DA:22,18
DA:24,38
LF:17
LH:17
BRDA:5,0,0,65
BRDA:5,0,1,25
BRDA:19,1,0,18
BRDA:19,1,1,20
BRF:4
BRH:4
end_of_record
TN:
SF:src/Matrix.ts
FN:6,(anonymous_0)
FN:18,(anonymous_1)
FN:23,(anonymous_2)
FN:28,(anonymous_3)
FN:32,(anonymous_4)
FN:39,(anonymous_5)
FN:57,(anonymous_6)
FN:58,(anonymous_7)
FN:58,(anonymous_8)
FN:61,(anonymous_9)
FN:81,(anonymous_10)
FN:103,(anonymous_11)
FN:106,(anonymous_12)
FN:110,(anonymous_13)
FN:114,(anonymous_14)
FN:121,(anonymous_15)
FNF:16
FNH:8
FNDA:10,(anonymous_0)
FNDA:3,(anonymous_1)
FNDA:0,(anonymous_2)
FNDA:0,(anonymous_3)
FNDA:2,(anonymous_4)
FNDA:1,(anonymous_5)
FNDA:0,(anonymous_6)
FNDA:0,(anonymous_7)
FNDA:0,(anonymous_8)
FNDA:1,(anonymous_9)
FNDA:2,(anonymous_10)
FNDA:1,(anonymous_11)
FNDA:0,(anonymous_12)
FNDA:1,(anonymous_13)
FNDA:0,(anonymous_14)
FNDA:0,(anonymous_15)
DA:7,10
DA:8,10
DA:9,30
DA:11,10
DA:12,4
DA:14,6
DA:19,3
DA:24,0
DA:29,0
DA:33,2
DA:34,1
DA:36,1
DA:40,1
DA:41,1
DA:42,3
DA:43,0
DA:44,0
DA:46,3
DA:47,9
DA:48,0
DA:49,0
DA:53,1
DA:58,0
DA:62,1
DA:63,1
DA:64,1
DA:65,1
DA:66,1
DA:67,1
DA:68,1
DA:69,1
DA:70,1
DA:71,1
DA:72,1
DA:73,1
DA:75,0
DA:77,0
DA:82,2
DA:83,0
DA:85,2
DA:86,2
DA:87,2
DA:88,2
DA:89,2
DA:90,6
DA:92,2
DA:93,6
DA:94,6
DA:95,6
DA:96,18
DA:100,2
DA:101,2
DA:104,1
DA:107,0
DA:111,1
DA:115,0
DA:116,0
DA:118,0
DA:122,0
LF:59
LH:44
BRDA:11,0,0,4
BRDA:11,0,1,6
BRDA:33,1,0,1
BRDA:33,1,1,1
BRDA:42,2,0,0
BRDA:42,2,1,3
BRDA:42,3,0,3
BRDA:42,3,1,3
BRDA:47,4,0,0
BRDA:47,4,1,9
BRDA:47,5,0,9
BRDA:47,5,1,6
BRDA:53,6,0,1
BRDA:53,6,1,1
BRDA:62,7,0,1
BRDA:62,7,1,0
BRDA:63,8,0,1
BRDA:63,8,1,0
BRDA:82,9,0,0
BRDA:82,9,1,2
BRDA:115,10,0,0
BRDA:115,10,1,0
BRDA:115,11,0,0
BRDA:115,11,1,0
BRF:24
BRH:15
end_of_record
TN:
SF:src/Vector.ts
FN:5,(anonymous_0)
FN:11,(anonymous_1)
FN:18,(anonymous_2)
FN:25,(anonymous_3)
FN:30,(anonymous_4)
FN:39,(anonymous_5)
FN:44,(anonymous_6)
FN:50,(anonymous_7)
FN:54,(anonymous_8)
FN:58,(anonymous_9)
FN:63,(anonymous_10)
FNF:11
FNH:11
FNDA:25,(anonymous_0)
FNDA:1,(anonymous_1)
FNDA:1,(anonymous_2)
FNDA:1,(anonymous_3)
FNDA:1,(anonymous_4)
FNDA:2,(anonymous_5)
FNDA:1,(anonymous_6)
FNDA:5,(anonymous_7)
FNDA:5,(anonymous_8)
FNDA:1,(anonymous_9)
FNDA:3,(anonymous_10)
DA:6,25
DA:7,25
DA:8,25
DA:12,1
DA:13,1
DA:14,1
DA:15,1
DA:19,1
DA:20,1
DA:21,1
DA:22,1
DA:26,1
DA:27,1
DA:31,1
DA:32,1
DA:33,1
DA:34,1
DA:35,1
DA:36,1
DA:40,2
DA:41,2
DA:45,1
DA:46,1
DA:47,1
DA:51,5
DA:52,5
DA:55,5
DA:56,5
DA:59,1
DA:60,1
DA:64,3
LF:31
LH:31
BRDA:5,0,0,1
BRF:1
BRH:1
end_of_record
